Dataset/Injected_Faults/CommonsApp/apps-android-commons-Defeito-3/data-client/build/intermediates/manifest_merge_blame_file/debug/manifest-merger-blame-debug-report.txt
1<?xml version="1.0" encoding="utf-8"?>
2<manifest xmlns:android="http://schemas.android.com/apk/res/android"
3    package="org.wikipedia.dataclient" >
4
5    <uses-sdk android:minSdkVersion="21" />
5-->src/main/AndroidManifest.xml
6
7    <application
7-->src/main/AndroidManifest.xml:2:5-3:19
8        android:allowBackup="true"
8-->src/main/AndroidManifest.xml:2:18-44
9        android:label="@string/app_name"
9-->src/main/AndroidManifest.xml:2:45-77
10        android:supportsRtl="true" >
10-->src/main/AndroidManifest.xml:2:78-104
11    </application>
12
13</manifest>